0	1	mikroCARM.exe -MSF -DBG -pSTM32F107VC -BIN -LHF -DL -SSA -O11111114 -fo72 -N"D:\Clicks_git\C\Color_8_Click\SW\example\c\ARM\STM\Click_Color8_STM.mcpar" -SP"C:\Users\Public\Documents\Mikroelektronika\mikroC PRO for ARM\Defs\" -SP"C:\Users\Public\Documents\Mikroelektronika\mikroC PRO for ARM\Uses\ST M3\" -SP"D:\Clicks_git\C\Color_8_Click\SW\example\c\ARM\STM\" -SP"D:\Clicks_git\C\Color_8_Click\SW\library\HAL\" -SP"D:\Clicks_git\C\Color_8_Click\SW\library\" -SP"C:\Users\Public\Documents\Mikroelektronika\mikroC PRO for ARM\Packages\mikroBUS Board Definition API\Uses\" -IP"C:\Users\Public\Documents\Mikroelektronika\mikroC PRO for ARM\Uses\TI M3\" -IP"D:\Clicks_git\C\Color_8_Click\SW\example\c\ARM\STM\" -IP"D:\Clicks_git\C\Color_8_Click\SW\library\" -IP"D:\Clicks_git\C\Color_8_Click\SW\library\HAL\" -IP"C:\Users\Public\Documents\Mikroelektronika\mikroC PRO for ARM\Packages\mikroBUS Board Definition API\Uses\" "Click_Color8_STM.c" "__color8_driver.c" "__Lib_Math.emcl" "__Lib_MathDouble.emcl" "__Lib_Delays.emcl" "__Lib_System_105_107.emcl" "__Lib_GPIO_32F10x_Defs.emcl" "__Lib_GPIO_32F10x.emcl" "__Lib_CString.emcl" "__Lib_Conversions.emcl" "__Lib_I2C_12.emcl" "__Lib_UART_123_45.emcl" "easymx_v7_STM32F107VC.emcl" "Click_Color8.pld"	 
diagnostics: 0	122	Compilation Started	stdint.h
diagnostics: 151	123	Compiled Successfully	Click_Color8_STM.c
diagnostics: 0	122	Compilation Started	stdint.h
diagnostics: 317	123	Compiled Successfully	__color8_driver.c
hint: 323	1164	Variable 'tmp' has been eliminated by optimizer	__color8_driver.c
hint: 84	1164	Variable 'tmp' has been eliminated by optimizer	__color8_driver.c
hint: 101	1164	Variable 'ptr' has been eliminated by optimizer	__color8_driver.c
hint: 109	1164	Variable 'ptr' has been eliminated by optimizer	__color8_driver.c
hint: 140	1164	Variable 'Luminance_Value' has been eliminated by optimizer	__color8_driver.c
hint: 262	1164	Variable 'Blue_Ratio' has been eliminated by optimizer	__color8_driver.c
hint: 264	1164	Variable 'ColorData' has been eliminated by optimizer	__color8_driver.c
diagnostics: 0	127	All files Compiled in 109 ms	 
hint: 0	1144	Used RX: 16 (100%)   Free RX: 0 (0%)	Used RX: 16 (100%)   Free RX: 0 (0%)
hint: 0	1144	Static RAM (bytes): 427   Dynamic RAM (bytes): 65105	Static RAM (bytes): 427   Dynamic RAM (bytes): 65105
hint: 0	1144	Used ROM (bytes): 12605 (5%)  Free ROM (bytes): 249539 (95%)	Used ROM (bytes): 12605 (5%)  Free ROM (bytes): 249539 (95%)
diagnostics: 0	125	Project Linked Successfully	Click_Color8_STM.mcpar
diagnostics: 0	128	Linked in 266 ms	 
diagnostics: 0	129	Project 'Click_Color8_STM.mcpar' completed: 485 ms	 
diagnostics: 0	103	Finished successfully: 28 sep 2018, 10:28:08	Click_Color8_STM.mcpar
